2026-01-25 16:06:53 [[32MINFO[39M] Application request created in database {
  "requestId": "6976237cac5fc191a7fab4d9"
}
2026-01-25 16:06:53 [[32MINFO[39M] Uploading file to Supabase {
  "storageKey": "requests/6976237cac5fc191a7fab4d9/1769350013015__.pdf",
  "originalName": "ÙØ§Ø³Ø¨ÙØ¹ Ø§ÙØªØ§Ø³Ø¹.pdf",
  "safeName": "_.pdf",
  "mimeType": "application/pdf",
  "size": 126215,
  "requestId": "6976237cac5fc191a7fab4d9",
  "bucket": "certificates"
}
2026-01-25 16:06:54 [[32MINFO[39M] File uploaded successfully {
  "storageKey": "requests/6976237cac5fc191a7fab4d9/1769350013015__.pdf",
  "bucket": "certificates",
  "size": 126215
}
2026-01-25 16:06:54 [[32MINFO[39M] File uploaded for application {
  "requestId": "6976237cac5fc191a7fab4d9",
  "fileName": "ÙØ§Ø³Ø¨ÙØ¹ Ø§ÙØªØ§Ø³Ø¹.pdf",
  "size": 126215
}
2026-01-25 16:06:54 [[32MINFO[39M] Files metadata saved to application {
  "requestId": "6976237cac5fc191a7fab4d9",
  "fileCount": 1
}
2026-01-25 16:06:54 [[31MERROR[39M] Error sending application received email to client: You can only send testing emails to your own email address (amashayousef007@gmail.com). To send emails to other recipients, please verify a domain at resend.com/domains, and change the `from` address to an email using this domain. {
  "stack": "Error: You can only send testing emails to your own email address (amashayousef007@gmail.com). To send emails to other recipients, please verify a domain at resend.com/domains, and change the `from` address to an email using this domain.\n    at IncomingMessage.<anonymous> (D:\\Frist.c++\\H010\\server\\config\\email.js:77:20)\n    at IncomingMessage.emit (node:events:530:35)\n    at endReadableNT (node:internal/streams/readable:1698:12)\n    at process.processTicksAndRejections (node:internal/process/task_queues:90:21)"
}
2026-01-25 16:06:54 [[33MWARN[39M] Failed to send confirmation email to client for application {
  "requestId": "6976237cac5fc191a7fab4d9",
  "to": "fbfbfxbf@gmail.com",
  "error": "You can only send testing emails to your own email address (amashayousef007@gmail.com). To send emails to other recipients, please verify a domain at resend.com/domains, and change the `from` address to an email using this domain."
}
2026-01-25 16:06:55 [[32MINFO[39M] Notification email sent for application {
  "requestId": "6976237cac5fc191a7fab4d9"
}
2026-01-25 16:45:47 [[32MINFO[39M] Application request created in database {
  "requestId": "69762c9bac5fc191a7fab518"
}
2026-01-25 16:45:47 [[32MINFO[39M] Uploading file to Supabase {
  "storageKey": "requests/69762c9bac5fc191a7fab518/1769352347954_one_lesson.pdf",
  "originalName": "one lesson.pdf",
  "safeName": "one_lesson.pdf",
  "mimeType": "application/pdf",
  "size": 2777943,
  "requestId": "69762c9bac5fc191a7fab518",
  "bucket": "certificates"
}
2026-01-25 16:45:54 [[32MINFO[39M] File uploaded successfully {
  "storageKey": "requests/69762c9bac5fc191a7fab518/1769352347954_one_lesson.pdf",
  "bucket": "certificates",
  "size": 2777943
}
2026-01-25 16:45:54 [[32MINFO[39M] File uploaded for application {
  "requestId": "69762c9bac5fc191a7fab518",
  "fileName": "one lesson.pdf",
  "size": 2777943
}
2026-01-25 16:45:54 [[32MINFO[39M] Uploading file to Supabase {
  "storageKey": "requests/69762c9bac5fc191a7fab518/1769352354999_Basis_Network.pdf",
  "originalName": "Basis Network.pdf",
  "safeName": "Basis_Network.pdf",
  "mimeType": "application/pdf",
  "size": 2795697,
  "requestId": "69762c9bac5fc191a7fab518",
  "bucket": "certificates"
}
2026-01-25 16:46:04 [[32MINFO[39M] File uploaded successfully {
  "storageKey": "requests/69762c9bac5fc191a7fab518/1769352354999_Basis_Network.pdf",
  "bucket": "certificates",
  "size": 2795697
}
2026-01-25 16:46:04 [[32MINFO[39M] File uploaded for application {
  "requestId": "69762c9bac5fc191a7fab518",
  "fileName": "Basis Network.pdf",
  "size": 2795697
}
2026-01-25 16:46:04 [[32MINFO[39M] Uploading file to Supabase {
  "storageKey": "requests/69762c9bac5fc191a7fab518/1769352364840__.pdf",
  "originalName": "Ø§ÙØµÙØ§Ù.pdf",
  "safeName": "_.pdf",
  "mimeType": "application/pdf",
  "size": 2628384,
  "requestId": "69762c9bac5fc191a7fab518",
  "bucket": "certificates"
}
2026-01-25 16:46:11 [[32MINFO[39M] File uploaded successfully {
  "storageKey": "requests/69762c9bac5fc191a7fab518/1769352364840__.pdf",
  "bucket": "certificates",
  "size": 2628384
}
2026-01-25 16:46:11 [[32MINFO[39M] File uploaded for application {
  "requestId": "69762c9bac5fc191a7fab518",
  "fileName": "Ø§ÙØµÙØ§Ù.pdf",
  "size": 2628384
}
2026-01-25 16:46:11 [[32MINFO[39M] Files metadata saved to application {
  "requestId": "69762c9bac5fc191a7fab518",
  "fileCount": 3
}
2026-01-25 16:46:12 [[31MERROR[39M] Error sending application received email to client: You can only send testing emails to your own email address (amashayousef007@gmail.com). To send emails to other recipients, please verify a domain at resend.com/domains, and change the `from` address to an email using this domain. {
  "stack": "Error: You can only send testing emails to your own email address (amashayousef007@gmail.com). To send emails to other recipients, please verify a domain at resend.com/domains, and change the `from` address to an email using this domain.\n    at IncomingMessage.<anonymous> (D:\\Frist.c++\\H010\\server\\config\\email.js:77:20)\n    at IncomingMessage.emit (node:events:530:35)\n    at endReadableNT (node:internal/streams/readable:1698:12)\n    at process.processTicksAndRejections (node:internal/process/task_queues:90:21)"
}
2026-01-25 16:46:12 [[33MWARN[39M] Failed to send confirmation email to client for application {
  "requestId": "69762c9bac5fc191a7fab518",
  "to": "vsgg@hmail.com",
  "error": "You can only send testing emails to your own email address (amashayousef007@gmail.com). To send emails to other recipients, please verify a domain at resend.com/domains, and change the `from` address to an email using this domain."
}
2026-01-25 16:46:12 [[32MINFO[39M] Notification email sent for application {
  "requestId": "69762c9bac5fc191a7fab518"
}
2026-01-25 17:26:15 [[32MINFO[39M] Application request created in database {
  "requestId": "69763617ac5fc191a7fab554"
}
2026-01-25 17:26:15 [[32MINFO[39M] Uploading file to Supabase {
  "storageKey": "requests/69763617ac5fc191a7fab554/1769354775236_Basis_Network.pdf",
  "originalName": "Basis Network.pdf",
  "safeName": "Basis_Network.pdf",
  "mimeType": "application/pdf",
  "size": 2795697,
  "requestId": "69763617ac5fc191a7fab554",
  "bucket": "certificates"
}
2026-01-25 17:26:25 [[32MINFO[39M] File uploaded successfully {
  "storageKey": "requests/69763617ac5fc191a7fab554/1769354775236_Basis_Network.pdf",
  "bucket": "certificates",
  "size": 2795697
}
2026-01-25 17:26:25 [[32MINFO[39M] File uploaded for application {
  "requestId": "69763617ac5fc191a7fab554",
  "fileName": "Basis Network.pdf",
  "size": 2795697
}
2026-01-25 17:26:25 [[32MINFO[39M] Uploading file to Supabase {
  "storageKey": "requests/69763617ac5fc191a7fab554/1769354785119_Screenshot_2026-01-21_210609.png",
  "originalName": "Screenshot 2026-01-21 210609.png",
  "safeName": "Screenshot_2026-01-21_210609.png",
  "mimeType": "image/png",
  "size": 3129,
  "requestId": "69763617ac5fc191a7fab554",
  "bucket": "certificates"
}
2026-01-25 17:26:25 [[32MINFO[39M] File uploaded successfully {
  "storageKey": "requests/69763617ac5fc191a7fab554/1769354785119_Screenshot_2026-01-21_210609.png",
  "bucket": "certificates",
  "size": 3129
}
2026-01-25 17:26:25 [[32MINFO[39M] File uploaded for application {
  "requestId": "69763617ac5fc191a7fab554",
  "fileName": "Screenshot 2026-01-21 210609.png",
  "size": 3129
}
2026-01-25 17:26:25 [[32MINFO[39M] Uploading file to Supabase {
  "storageKey": "requests/69763617ac5fc191a7fab554/1769354785355_Screenshot_2026-01-21_204426.png",
  "originalName": "Screenshot 2026-01-21 204426.png",
  "safeName": "Screenshot_2026-01-21_204426.png",
  "mimeType": "image/png",
  "size": 35126,
  "requestId": "69763617ac5fc191a7fab554",
  "bucket": "certificates"
}
2026-01-25 17:26:25 [[32MINFO[39M] File uploaded successfully {
  "storageKey": "requests/69763617ac5fc191a7fab554/1769354785355_Screenshot_2026-01-21_204426.png",
  "bucket": "certificates",
  "size": 35126
}
2026-01-25 17:26:25 [[32MINFO[39M] File uploaded for application {
  "requestId": "69763617ac5fc191a7fab554",
  "fileName": "Screenshot 2026-01-21 204426.png",
  "size": 35126
}
2026-01-25 17:26:25 [[32MINFO[39M] Files metadata saved to application {
  "requestId": "69763617ac5fc191a7fab554",
  "fileCount": 3
}
2026-01-25 17:26:26 [[31MERROR[39M] Error sending application received email to client: You can only send testing emails to your own email address (amashayousef007@gmail.com). To send emails to other recipients, please verify a domain at resend.com/domains, and change the `from` address to an email using this domain. {
  "stack": "Error: You can only send testing emails to your own email address (amashayousef007@gmail.com). To send emails to other recipients, please verify a domain at resend.com/domains, and change the `from` address to an email using this domain.\n    at IncomingMessage.<anonymous> (D:\\Frist.c++\\H010\\server\\config\\email.js:77:20)\n    at IncomingMessage.emit (node:events:530:35)\n    at endReadableNT (node:internal/streams/readable:1698:12)\n    at process.processTicksAndRejections (node:internal/process/task_queues:90:21)"
}
2026-01-25 17:26:26 [[33MWARN[39M] Failed to send confirmation email to client for application {
  "requestId": "69763617ac5fc191a7fab554",
  "to": "sfs@gmail.com",
  "error": "You can only send testing emails to your own email address (amashayousef007@gmail.com). To send emails to other recipients, please verify a domain at resend.com/domains, and change the `from` address to an email using this domain."
}
2026-01-25 17:26:26 [[32MINFO[39M] Notification email sent for application {
  "requestId": "69763617ac5fc191a7fab554"
}
2026-01-25 17:28:09 [[32MINFO[39M] File deleted successfully from Supabase {
  "bucket": "certificates",
  "storageKey": "requests/69763617ac5fc191a7fab554/1769354785355_Screenshot_2026-01-21_204426.png",
  "attempt": 1
}
2026-01-25 17:28:09 [[32MINFO[39M] Deleted Supabase file for application {
  "applicationId": "69763617ac5fc191a7fab554",
  "bucket": "certificates",
  "storageKey": "requests/69763617ac5fc191a7fab554/1769354785355_Screenshot_2026-01-21_204426.png"
}
2026-01-25 17:28:10 [[32MINFO[39M] File deleted successfully from Supabase {
  "bucket": "certificates",
  "storageKey": "requests/69763617ac5fc191a7fab554/1769354785119_Screenshot_2026-01-21_210609.png",
  "attempt": 1
}
2026-01-25 17:28:10 [[32MINFO[39M] Deleted Supabase file for application {
  "applicationId": "69763617ac5fc191a7fab554",
  "bucket": "certificates",
  "storageKey": "requests/69763617ac5fc191a7fab554/1769354785119_Screenshot_2026-01-21_210609.png"
}
2026-01-25 17:28:10 [[32MINFO[39M] File deleted successfully from Supabase {
  "bucket": "certificates",
  "storageKey": "requests/69763617ac5fc191a7fab554/1769354775236_Basis_Network.pdf",
  "attempt": 1
}
2026-01-25 17:28:10 [[32MINFO[39M] Deleted Supabase file for application {
  "applicationId": "69763617ac5fc191a7fab554",
  "bucket": "certificates",
  "storageKey": "requests/69763617ac5fc191a7fab554/1769354775236_Basis_Network.pdf"
}
2026-01-25 17:28:12 [[32MINFO[39M] File deleted successfully from Supabase {
  "bucket": "certificates",
  "storageKey": "requests/69762c9bac5fc191a7fab518/1769352354999_Basis_Network.pdf",
  "attempt": 1
}
2026-01-25 17:28:12 [[32MINFO[39M] Deleted Supabase file for application {
  "applicationId": "69762c9bac5fc191a7fab518",
  "bucket": "certificates",
  "storageKey": "requests/69762c9bac5fc191a7fab518/1769352354999_Basis_Network.pdf"
}
2026-01-25 17:28:12 [[32MINFO[39M] File deleted successfully from Supabase {
  "bucket": "certificates",
  "storageKey": "requests/69762c9bac5fc191a7fab518/1769352347954_one_lesson.pdf",
  "attempt": 1
}
2026-01-25 17:28:12 [[32MINFO[39M] Deleted Supabase file for application {
  "applicationId": "69762c9bac5fc191a7fab518",
  "bucket": "certificates",
  "storageKey": "requests/69762c9bac5fc191a7fab518/1769352347954_one_lesson.pdf"
}
2026-01-25 17:28:12 [[32MINFO[39M] File deleted successfully from Supabase {
  "bucket": "certificates",
  "storageKey": "requests/69762c9bac5fc191a7fab518/1769352364840__.pdf",
  "attempt": 1
}
2026-01-25 17:28:12 [[32MINFO[39M] Deleted Supabase file for application {
  "applicationId": "69762c9bac5fc191a7fab518",
  "bucket": "certificates",
  "storageKey": "requests/69762c9bac5fc191a7fab518/1769352364840__.pdf"
}
2026-01-25 17:28:15 [[32MINFO[39M] File deleted successfully from Supabase {
  "bucket": "certificates",
  "storageKey": "requests/6976237cac5fc191a7fab4d9/1769350013015__.pdf",
  "attempt": 1
}
2026-01-25 17:28:15 [[32MINFO[39M] Deleted Supabase file for application {
  "applicationId": "6976237cac5fc191a7fab4d9",
  "bucket": "certificates",
  "storageKey": "requests/6976237cac5fc191a7fab4d9/1769350013015__.pdf"
}
2026-01-25 17:28:17 [[32MINFO[39M] File deleted successfully from Supabase {
  "bucket": "certificates",
  "storageKey": "requests/6976137dac5fc191a7fab479/1769345917136_Basis_Network.pdf",
  "attempt": 1
}
2026-01-25 17:28:17 [[32MINFO[39M] Deleted Supabase file for application {
  "applicationId": "6976137dac5fc191a7fab479",
  "bucket": "certificates",
  "storageKey": "requests/6976137dac5fc191a7fab479/1769345917136_Basis_Network.pdf"
}
2026-01-25 17:28:19 [[32MINFO[39M] File deleted successfully from Supabase {
  "bucket": "certificates",
  "storageKey": "requests/697237a4578d3e4317c40915/1769093028670_Firefly_Gemini_Flash_Adapt_the_existing_Terklas_logo_style_to_create_a_new_logo_for_HORAS_._Replace_the_t_947023.png",
  "attempt": 1
}
2026-01-25 17:28:19 [[32MINFO[39M] Deleted Supabase file for application {
  "applicationId": "697237a4578d3e4317c40915",
  "bucket": "certificates",
  "storageKey": "requests/697237a4578d3e4317c40915/1769093028670_Firefly_Gemini_Flash_Adapt_the_existing_Terklas_logo_style_to_create_a_new_logo_for_HORAS_._Replace_the_t_947023.png"
}
2026-01-25 17:28:55 [[31MERROR[39M] 400 - Certificate number already exists - /api/v1/certificates - POST - 127.0.0.1 {
  "stack": "ApiError: Certificate number already exists\n    at createCertificate (D:\\Frist.c++\\H010\\server\\controllers\\certificateController.js:49:25)\n    at process.processTicksAndRejections (node:internal/process/task_queues:105:5)"
}
2026-01-25 17:29:07 [[32MINFO[39M] Notification email sent for certificate HOR0915202511 
2026-01-25 17:29:23 [[31MERROR[39M] 404 - Certificate not found with number 669c627a023b46569707c905 - /api/v1/certificates/certificateId/669c627a023b46569707c905 - GET - 127.0.0.1 {
  "stack": "ApiError: Certificate not found with number 669c627a023b46569707c905\n    at getCertificate (D:\\Frist.c++\\H010\\server\\controllers\\certificateController.js:305:25)\n    at process.processTicksAndRejections (node:internal/process/task_queues:105:5)"
}
2026-01-25 17:29:23 [[31MERROR[39M] 404 - Certificate not found with number 669c627a023b46569707c905 - /api/v1/certificates/certificateId/669c627a023b46569707c905 - GET - 127.0.0.1 {
  "stack": "ApiError: Certificate not found with number 669c627a023b46569707c905\n    at getCertificate (D:\\Frist.c++\\H010\\server\\controllers\\certificateController.js:305:25)\n    at process.processTicksAndRejections (node:internal/process/task_queues:105:5)"
}
2026-01-25 18:08:36 [[33MWARN[39M] ⚠️ MongoDB disconnected. Waiting for reconnection... 
2026-01-25 18:08:38 [[32MINFO[39M] ✅ MongoDB reconnected successfully 
2026-01-25 19:08:35 [[33MWARN[39M] ⚠️ MongoDB disconnected. Waiting for reconnection... 
2026-01-25 19:08:37 [[32MINFO[39M] ✅ MongoDB reconnected successfully 
