2026-01-02 23:09:13 [[31MERROR[39M] Error sending certificate notification email: Invalid login: 535-5.7.8 Username and Password not accepted. For more information, go to
535 5.7.8  https://support.google.com/mail/?p=BadCredentials ffacd0b85a97d-4324ea830f3sm85496749f8f.22 - gsmtp {
  "code": "EAUTH",
  "response": "535-5.7.8 Username and Password not accepted. For more information, go to\n535 5.7.8  https://support.google.com/mail/?p=BadCredentials ffacd0b85a97d-4324ea830f3sm85496749f8f.22 - gsmtp",
  "responseCode": 535,
  "command": "AUTH PLAIN",
  "stack": "Error: Invalid login: 535-5.7.8 Username and Password not accepted. For more information, go to\n535 5.7.8  https://support.google.com/mail/?p=BadCredentials ffacd0b85a97d-4324ea830f3sm85496749f8f.22 - gsmtp\n    at SMTPConnection._formatError (D:\\Frist.c++\\H010\\server\\node_modules\\nodemailer\\lib\\smtp-connection\\index.js:809:19)\n    at SMTPConnection._actionAUTHComplete (D:\\Frist.c++\\H010\\server\\node_modules\\nodemailer\\lib\\smtp-connection\\index.js:1588:34)\n    at SMTPConnection.<anonymous> (D:\\Frist.c++\\H010\\server\\node_modules\\nodemailer\\lib\\smtp-connection\\index.js:556:26)\n    at SMTPConnection._processResponse (D:\\Frist.c++\\H010\\server\\node_modules\\nodemailer\\lib\\smtp-connection\\index.js:993:20)\n    at SMTPConnection._onData (D:\\Frist.c++\\H010\\server\\node_modules\\nodemailer\\lib\\smtp-connection\\index.js:774:14)\n    at SMTPConnection._onSocketData (D:\\Frist.c++\\H010\\server\\node_modules\\nodemailer\\lib\\smtp-connection\\index.js:195:44)\n    at TLSSocket.emit (node:events:518:28)\n    at addChunk (node:internal/streams/readable:561:12)\n    at readableAddChunkPushByteMode (node:internal/streams/readable:512:3)\n    at Readable.push (node:internal/streams/readable:392:5)"
}
2026-01-02 23:16:44 [[31MERROR[39M] Error sending certificate notification email: Invalid login: 535-5.7.8 Username and Password not accepted. For more information, go to
535 5.7.8  https://support.google.com/mail/?p=BadCredentials 5b1f17b1804b1-47d6d13e2bdsm2573095e9.3 - gsmtp {
  "code": "EAUTH",
  "response": "535-5.7.8 Username and Password not accepted. For more information, go to\n535 5.7.8  https://support.google.com/mail/?p=BadCredentials 5b1f17b1804b1-47d6d13e2bdsm2573095e9.3 - gsmtp",
  "responseCode": 535,
  "command": "AUTH PLAIN",
  "stack": "Error: Invalid login: 535-5.7.8 Username and Password not accepted. For more information, go to\n535 5.7.8  https://support.google.com/mail/?p=BadCredentials 5b1f17b1804b1-47d6d13e2bdsm2573095e9.3 - gsmtp\n    at SMTPConnection._formatError (D:\\Frist.c++\\H010\\server\\node_modules\\nodemailer\\lib\\smtp-connection\\index.js:809:19)\n    at SMTPConnection._actionAUTHComplete (D:\\Frist.c++\\H010\\server\\node_modules\\nodemailer\\lib\\smtp-connection\\index.js:1588:34)\n    at SMTPConnection.<anonymous> (D:\\Frist.c++\\H010\\server\\node_modules\\nodemailer\\lib\\smtp-connection\\index.js:556:26)\n    at SMTPConnection._processResponse (D:\\Frist.c++\\H010\\server\\node_modules\\nodemailer\\lib\\smtp-connection\\index.js:993:20)\n    at SMTPConnection._onData (D:\\Frist.c++\\H010\\server\\node_modules\\nodemailer\\lib\\smtp-connection\\index.js:774:14)\n    at SMTPConnection._onSocketData (D:\\Frist.c++\\H010\\server\\node_modules\\nodemailer\\lib\\smtp-connection\\index.js:195:44)\n    at TLSSocket.emit (node:events:518:28)\n    at addChunk (node:internal/streams/readable:561:12)\n    at readableAddChunkPushByteMode (node:internal/streams/readable:512:3)\n    at Readable.push (node:internal/streams/readable:392:5)"
}
2026-01-02 23:17:30 [[31MERROR[39M] Error sending certificate notification email: Invalid login: 535-5.7.8 Username and Password not accepted. For more information, go to
535 5.7.8  https://support.google.com/mail/?p=BadCredentials 5b1f17b1804b1-47d6d34500fsm2206295e9.15 - gsmtp {
  "code": "EAUTH",
  "response": "535-5.7.8 Username and Password not accepted. For more information, go to\n535 5.7.8  https://support.google.com/mail/?p=BadCredentials 5b1f17b1804b1-47d6d34500fsm2206295e9.15 - gsmtp",
  "responseCode": 535,
  "command": "AUTH PLAIN",
  "stack": "Error: Invalid login: 535-5.7.8 Username and Password not accepted. For more information, go to\n535 5.7.8  https://support.google.com/mail/?p=BadCredentials 5b1f17b1804b1-47d6d34500fsm2206295e9.15 - gsmtp\n    at SMTPConnection._formatError (D:\\Frist.c++\\H010\\server\\node_modules\\nodemailer\\lib\\smtp-connection\\index.js:809:19)\n    at SMTPConnection._actionAUTHComplete (D:\\Frist.c++\\H010\\server\\node_modules\\nodemailer\\lib\\smtp-connection\\index.js:1588:34)\n    at SMTPConnection.<anonymous> (D:\\Frist.c++\\H010\\server\\node_modules\\nodemailer\\lib\\smtp-connection\\index.js:556:26)\n    at SMTPConnection._processResponse (D:\\Frist.c++\\H010\\server\\node_modules\\nodemailer\\lib\\smtp-connection\\index.js:993:20)\n    at SMTPConnection._onData (D:\\Frist.c++\\H010\\server\\node_modules\\nodemailer\\lib\\smtp-connection\\index.js:774:14)\n    at SMTPConnection._onSocketData (D:\\Frist.c++\\H010\\server\\node_modules\\nodemailer\\lib\\smtp-connection\\index.js:195:44)\n    at TLSSocket.emit (node:events:518:28)\n    at addChunk (node:internal/streams/readable:561:12)\n    at readableAddChunkPushByteMode (node:internal/streams/readable:512:3)\n    at Readable.push (node:internal/streams/readable:392:5)"
}
2026-01-02 23:18:15 [[31MERROR[39M] Error sending certificate notification email: Invalid login: 535-5.7.8 Username and Password not accepted. For more information, go to
535 5.7.8  https://support.google.com/mail/?p=BadCredentials ffacd0b85a97d-4324ea830fesm87463269f8f.20 - gsmtp {
  "code": "EAUTH",
  "response": "535-5.7.8 Username and Password not accepted. For more information, go to\n535 5.7.8  https://support.google.com/mail/?p=BadCredentials ffacd0b85a97d-4324ea830fesm87463269f8f.20 - gsmtp",
  "responseCode": 535,
  "command": "AUTH PLAIN",
  "stack": "Error: Invalid login: 535-5.7.8 Username and Password not accepted. For more information, go to\n535 5.7.8  https://support.google.com/mail/?p=BadCredentials ffacd0b85a97d-4324ea830fesm87463269f8f.20 - gsmtp\n    at SMTPConnection._formatError (D:\\Frist.c++\\H010\\server\\node_modules\\nodemailer\\lib\\smtp-connection\\index.js:809:19)\n    at SMTPConnection._actionAUTHComplete (D:\\Frist.c++\\H010\\server\\node_modules\\nodemailer\\lib\\smtp-connection\\index.js:1588:34)\n    at SMTPConnection.<anonymous> (D:\\Frist.c++\\H010\\server\\node_modules\\nodemailer\\lib\\smtp-connection\\index.js:556:26)\n    at SMTPConnection._processResponse (D:\\Frist.c++\\H010\\server\\node_modules\\nodemailer\\lib\\smtp-connection\\index.js:993:20)\n    at SMTPConnection._onData (D:\\Frist.c++\\H010\\server\\node_modules\\nodemailer\\lib\\smtp-connection\\index.js:774:14)\n    at SMTPConnection._onSocketData (D:\\Frist.c++\\H010\\server\\node_modules\\nodemailer\\lib\\smtp-connection\\index.js:195:44)\n    at TLSSocket.emit (node:events:518:28)\n    at addChunk (node:internal/streams/readable:561:12)\n    at readableAddChunkPushByteMode (node:internal/streams/readable:512:3)\n    at Readable.push (node:internal/streams/readable:392:5)"
}
2026-01-02 23:28:40 [[31MERROR[39M] Error sending certificate notification email: Invalid login: 535-5.7.8 Username and Password not accepted. For more information, go to
535 5.7.8  https://support.google.com/mail/?p=BadCredentials 5b1f17b1804b1-47d6d33e351sm2718305e9.10 - gsmtp {
  "code": "EAUTH",
  "response": "535-5.7.8 Username and Password not accepted. For more information, go to\n535 5.7.8  https://support.google.com/mail/?p=BadCredentials 5b1f17b1804b1-47d6d33e351sm2718305e9.10 - gsmtp",
  "responseCode": 535,
  "command": "AUTH PLAIN",
  "stack": "Error: Invalid login: 535-5.7.8 Username and Password not accepted. For more information, go to\n535 5.7.8  https://support.google.com/mail/?p=BadCredentials 5b1f17b1804b1-47d6d33e351sm2718305e9.10 - gsmtp\n    at SMTPConnection._formatError (D:\\Frist.c++\\H010\\server\\node_modules\\nodemailer\\lib\\smtp-connection\\index.js:809:19)\n    at SMTPConnection._actionAUTHComplete (D:\\Frist.c++\\H010\\server\\node_modules\\nodemailer\\lib\\smtp-connection\\index.js:1588:34)\n    at SMTPConnection.<anonymous> (D:\\Frist.c++\\H010\\server\\node_modules\\nodemailer\\lib\\smtp-connection\\index.js:556:26)\n    at SMTPConnection._processResponse (D:\\Frist.c++\\H010\\server\\node_modules\\nodemailer\\lib\\smtp-connection\\index.js:993:20)\n    at SMTPConnection._onData (D:\\Frist.c++\\H010\\server\\node_modules\\nodemailer\\lib\\smtp-connection\\index.js:774:14)\n    at SMTPConnection._onSocketData (D:\\Frist.c++\\H010\\server\\node_modules\\nodemailer\\lib\\smtp-connection\\index.js:195:44)\n    at TLSSocket.emit (node:events:518:28)\n    at addChunk (node:internal/streams/readable:561:12)\n    at readableAddChunkPushByteMode (node:internal/streams/readable:512:3)\n    at Readable.push (node:internal/streams/readable:392:5)"
}
2026-01-02 23:35:17 [[31MERROR[39M] Error sending certificate notification email: Invalid login: 535-5.7.8 Username and Password not accepted. For more information, go to
535 5.7.8  https://support.google.com/mail/?p=BadCredentials ffacd0b85a97d-4324eaa2bdfsm87422953f8f.32 - gsmtp {
  "code": "EAUTH",
  "response": "535-5.7.8 Username and Password not accepted. For more information, go to\n535 5.7.8  https://support.google.com/mail/?p=BadCredentials ffacd0b85a97d-4324eaa2bdfsm87422953f8f.32 - gsmtp",
  "responseCode": 535,
  "command": "AUTH PLAIN",
  "stack": "Error: Invalid login: 535-5.7.8 Username and Password not accepted. For more information, go to\n535 5.7.8  https://support.google.com/mail/?p=BadCredentials ffacd0b85a97d-4324eaa2bdfsm87422953f8f.32 - gsmtp\n    at SMTPConnection._formatError (D:\\Frist.c++\\H010\\server\\node_modules\\nodemailer\\lib\\smtp-connection\\index.js:809:19)\n    at SMTPConnection._actionAUTHComplete (D:\\Frist.c++\\H010\\server\\node_modules\\nodemailer\\lib\\smtp-connection\\index.js:1588:34)\n    at SMTPConnection.<anonymous> (D:\\Frist.c++\\H010\\server\\node_modules\\nodemailer\\lib\\smtp-connection\\index.js:556:26)\n    at SMTPConnection._processResponse (D:\\Frist.c++\\H010\\server\\node_modules\\nodemailer\\lib\\smtp-connection\\index.js:993:20)\n    at SMTPConnection._onData (D:\\Frist.c++\\H010\\server\\node_modules\\nodemailer\\lib\\smtp-connection\\index.js:774:14)\n    at SMTPConnection._onSocketData (D:\\Frist.c++\\H010\\server\\node_modules\\nodemailer\\lib\\smtp-connection\\index.js:195:44)\n    at TLSSocket.emit (node:events:518:28)\n    at addChunk (node:internal/streams/readable:561:12)\n    at readableAddChunkPushByteMode (node:internal/streams/readable:512:3)\n    at Readable.push (node:internal/streams/readable:392:5)"
}
2026-01-02 23:36:11 [[31MERROR[39M] Error sending certificate notification email: Invalid login: 535-5.7.8 Username and Password not accepted. For more information, go to
535 5.7.8  https://support.google.com/mail/?p=BadCredentials ffacd0b85a97d-4324eaa08efsm87121544f8f.29 - gsmtp {
  "code": "EAUTH",
  "response": "535-5.7.8 Username and Password not accepted. For more information, go to\n535 5.7.8  https://support.google.com/mail/?p=BadCredentials ffacd0b85a97d-4324eaa08efsm87121544f8f.29 - gsmtp",
  "responseCode": 535,
  "command": "AUTH PLAIN",
  "stack": "Error: Invalid login: 535-5.7.8 Username and Password not accepted. For more information, go to\n535 5.7.8  https://support.google.com/mail/?p=BadCredentials ffacd0b85a97d-4324eaa08efsm87121544f8f.29 - gsmtp\n    at SMTPConnection._formatError (D:\\Frist.c++\\H010\\server\\node_modules\\nodemailer\\lib\\smtp-connection\\index.js:809:19)\n    at SMTPConnection._actionAUTHComplete (D:\\Frist.c++\\H010\\server\\node_modules\\nodemailer\\lib\\smtp-connection\\index.js:1588:34)\n    at SMTPConnection.<anonymous> (D:\\Frist.c++\\H010\\server\\node_modules\\nodemailer\\lib\\smtp-connection\\index.js:556:26)\n    at SMTPConnection._processResponse (D:\\Frist.c++\\H010\\server\\node_modules\\nodemailer\\lib\\smtp-connection\\index.js:993:20)\n    at SMTPConnection._onData (D:\\Frist.c++\\H010\\server\\node_modules\\nodemailer\\lib\\smtp-connection\\index.js:774:14)\n    at SMTPConnection._onSocketData (D:\\Frist.c++\\H010\\server\\node_modules\\nodemailer\\lib\\smtp-connection\\index.js:195:44)\n    at TLSSocket.emit (node:events:518:28)\n    at addChunk (node:internal/streams/readable:561:12)\n    at readableAddChunkPushByteMode (node:internal/streams/readable:512:3)\n    at Readable.push (node:internal/streams/readable:392:5)"
}
2026-01-02 23:50:13 [[31MERROR[39M] Error sending certificate notification email: Invalid login: 535-5.7.8 Username and Password not accepted. For more information, go to
535 5.7.8  https://support.google.com/mail/?p=BadCredentials ffacd0b85a97d-4324ea1af2bsm86370359f8f.1 - gsmtp {
  "code": "EAUTH",
  "response": "535-5.7.8 Username and Password not accepted. For more information, go to\n535 5.7.8  https://support.google.com/mail/?p=BadCredentials ffacd0b85a97d-4324ea1af2bsm86370359f8f.1 - gsmtp",
  "responseCode": 535,
  "command": "AUTH PLAIN",
  "stack": "Error: Invalid login: 535-5.7.8 Username and Password not accepted. For more information, go to\n535 5.7.8  https://support.google.com/mail/?p=BadCredentials ffacd0b85a97d-4324ea1af2bsm86370359f8f.1 - gsmtp\n    at SMTPConnection._formatError (D:\\Frist.c++\\H010\\server\\node_modules\\nodemailer\\lib\\smtp-connection\\index.js:809:19)\n    at SMTPConnection._actionAUTHComplete (D:\\Frist.c++\\H010\\server\\node_modules\\nodemailer\\lib\\smtp-connection\\index.js:1588:34)\n    at SMTPConnection.<anonymous> (D:\\Frist.c++\\H010\\server\\node_modules\\nodemailer\\lib\\smtp-connection\\index.js:556:26)\n    at SMTPConnection._processResponse (D:\\Frist.c++\\H010\\server\\node_modules\\nodemailer\\lib\\smtp-connection\\index.js:993:20)\n    at SMTPConnection._onData (D:\\Frist.c++\\H010\\server\\node_modules\\nodemailer\\lib\\smtp-connection\\index.js:774:14)\n    at SMTPConnection._onSocketData (D:\\Frist.c++\\H010\\server\\node_modules\\nodemailer\\lib\\smtp-connection\\index.js:195:44)\n    at TLSSocket.emit (node:events:518:28)\n    at addChunk (node:internal/streams/readable:561:12)\n    at readableAddChunkPushByteMode (node:internal/streams/readable:512:3)\n    at Readable.push (node:internal/streams/readable:392:5)"
}
2026-01-03 00:16:28 [[31MERROR[39M] Error sending certificate notification email: Invalid login: 535-5.7.8 Username and Password not accepted. For more information, go to
535 5.7.8  https://support.google.com/mail/?p=BadCredentials ffacd0b85a97d-4324ea1aef7sm86553485f8f.7 - gsmtp {
  "code": "EAUTH",
  "response": "535-5.7.8 Username and Password not accepted. For more information, go to\n535 5.7.8  https://support.google.com/mail/?p=BadCredentials ffacd0b85a97d-4324ea1aef7sm86553485f8f.7 - gsmtp",
  "responseCode": 535,
  "command": "AUTH PLAIN",
  "stack": "Error: Invalid login: 535-5.7.8 Username and Password not accepted. For more information, go to\n535 5.7.8  https://support.google.com/mail/?p=BadCredentials ffacd0b85a97d-4324ea1aef7sm86553485f8f.7 - gsmtp\n    at SMTPConnection._formatError (D:\\Frist.c++\\H010\\server\\node_modules\\nodemailer\\lib\\smtp-connection\\index.js:809:19)\n    at SMTPConnection._actionAUTHComplete (D:\\Frist.c++\\H010\\server\\node_modules\\nodemailer\\lib\\smtp-connection\\index.js:1588:34)\n    at SMTPConnection.<anonymous> (D:\\Frist.c++\\H010\\server\\node_modules\\nodemailer\\lib\\smtp-connection\\index.js:556:26)\n    at SMTPConnection._processResponse (D:\\Frist.c++\\H010\\server\\node_modules\\nodemailer\\lib\\smtp-connection\\index.js:993:20)\n    at SMTPConnection._onData (D:\\Frist.c++\\H010\\server\\node_modules\\nodemailer\\lib\\smtp-connection\\index.js:774:14)\n    at SMTPConnection._onSocketData (D:\\Frist.c++\\H010\\server\\node_modules\\nodemailer\\lib\\smtp-connection\\index.js:195:44)\n    at TLSSocket.emit (node:events:518:28)\n    at addChunk (node:internal/streams/readable:561:12)\n    at readableAddChunkPushByteMode (node:internal/streams/readable:512:3)\n    at Readable.push (node:internal/streams/readable:392:5)"
}
